c:\users\ayhm-laptop\source\repos\programming_advices\programming_advices\x64\debug\vc145.pdb
c:\users\ayhm-laptop\source\repos\programming_advices\programming_advices\x64\debug\vc145.idb
c:\users\ayhm-laptop\source\repos\programming_advices\programming_advices\x64\debug\#47-53 more date problems.obj
c:\users\ayhm-laptop\source\repos\programming_advices\x64\debug\programming_advices.exe
c:\users\ayhm-laptop\source\repos\programming_advices\x64\debug\programming_advices.pdb
c:\users\ayhm-laptop\source\repos\programming_advices\programming_advices\x64\debug\programming_advices.ilk
c:\users\ayhm-laptop\source\repos\programming_advices\programming_advices\x64\debug\#01 3x3 ranmdom matrix.obj
c:\users\ayhm-laptop\source\repos\programming_advices\programming_advices\x64\debug\#01 number to text.obj
c:\users\ayhm-laptop\source\repos\programming_advices\programming_advices\x64\debug\#02 3x3 sum each row in matrix.obj
c:\users\ayhm-laptop\source\repos\programming_advices\programming_advices\x64\debug\#02 leap year.obj
c:\users\ayhm-laptop\source\repos\programming_advices\programming_advices\x64\debug\#03 3x3 sum each row in matrix in array.obj
c:\users\ayhm-laptop\source\repos\programming_advices\programming_advices\x64\debug\#03 leap year one line of code.obj
c:\users\ayhm-laptop\source\repos\programming_advices\programming_advices\x64\debug\#04 3x3 sum each col in matrix.obj
c:\users\ayhm-laptop\source\repos\programming_advices\programming_advices\x64\debug\#04 number of days hours minutes .obj
c:\users\ayhm-laptop\source\repos\programming_advices\programming_advices\x64\debug\#05 3x3 sum each col in matrix in another array.obj
c:\users\ayhm-laptop\source\repos\programming_advices\programming_advices\x64\debug\#05 number of days hours minutes seconds in a month.obj
c:\users\ayhm-laptop\source\repos\programming_advices\programming_advices\x64\debug\#06 3x3 ordered matrix.obj
c:\users\ayhm-laptop\source\repos\programming_advices\programming_advices\x64\debug\#06 number of days in a month short logic.obj
c:\users\ayhm-laptop\source\repos\programming_advices\programming_advices\x64\debug\#07 day name.obj
c:\users\ayhm-laptop\source\repos\programming_advices\programming_advices\x64\debug\#07 traspose matrix.obj
c:\users\ayhm-laptop\source\repos\programming_advices\programming_advices\x64\debug\#08 month calendar.obj
c:\users\ayhm-laptop\source\repos\programming_advices\programming_advices\x64\debug\#08 multiply tow matrices.obj
c:\users\ayhm-laptop\source\repos\programming_advices\programming_advices\x64\debug\#09 print middle row and col of matrix.obj
c:\users\ayhm-laptop\source\repos\programming_advices\programming_advices\x64\debug\#09 year calendar.obj
c:\users\ayhm-laptop\source\repos\programming_advices\programming_advices\x64\debug\#1 print your name.obj
c:\users\ayhm-laptop\source\repos\programming_advices\programming_advices\x64\debug\#10 days from the beginning of yeat.obj
c:\users\ayhm-laptop\source\repos\programming_advices\programming_advices\x64\debug\#10 sum of matrix.obj
c:\users\ayhm-laptop\source\repos\programming_advices\programming_advices\x64\debug\#11 check matrices equality.obj
c:\users\ayhm-laptop\source\repos\programming_advices\programming_advices\x64\debug\#11 data from day order in a year.obj
c:\users\ayhm-laptop\source\repos\programming_advices\programming_advices\x64\debug\#12 add days ti date.obj
c:\users\ayhm-laptop\source\repos\programming_advices\programming_advices\x64\debug\#12 check typical matrices.obj
c:\users\ayhm-laptop\source\repos\programming_advices\programming_advices\x64\debug\#13 check identity matrices.obj
c:\users\ayhm-laptop\source\repos\programming_advices\programming_advices\x64\debug\#13 date1 less than date 2.obj
c:\users\ayhm-laptop\source\repos\programming_advices\programming_advices\x64\debug\#14 check scalar matrices.obj
c:\users\ayhm-laptop\source\repos\programming_advices\programming_advices\x64\debug\#14 date1 equals to date 2.obj
c:\users\ayhm-laptop\source\repos\programming_advices\programming_advices\x64\debug\#15 count number in matrix.obj
c:\users\ayhm-laptop\source\repos\programming_advices\programming_advices\x64\debug\#15 last day last month.obj
c:\users\ayhm-laptop\source\repos\programming_advices\programming_advices\x64\debug\#16 check sparse matrix.obj
c:\users\ayhm-laptop\source\repos\programming_advices\programming_advices\x64\debug\#16 increase date by one day.obj
c:\users\ayhm-laptop\source\repos\programming_advices\programming_advices\x64\debug\#17 diff in days.obj
c:\users\ayhm-laptop\source\repos\programming_advices\programming_advices\x64\debug\#17 number exists in matrix.obj
c:\users\ayhm-laptop\source\repos\programming_advices\programming_advices\x64\debug\#18 intersected number in matrices .obj
c:\users\ayhm-laptop\source\repos\programming_advices\programming_advices\x64\debug\#18 your age in days.obj
c:\users\ayhm-laptop\source\repos\programming_advices\programming_advices\x64\debug\#19 diff in days negative days.obj
c:\users\ayhm-laptop\source\repos\programming_advices\programming_advices\x64\debug\#19 max number in matrix.obj
c:\users\ayhm-laptop\source\repos\programming_advices\programming_advices\x64\debug\#2 read name and print it.obj
c:\users\ayhm-laptop\source\repos\programming_advices\programming_advices\x64\debug\#20 palindrome matrix.obj
c:\users\ayhm-laptop\source\repos\programming_advices\programming_advices\x64\debug\#21 fibonacci series.obj
c:\users\ayhm-laptop\source\repos\programming_advices\programming_advices\x64\debug\#22 fibonacci series with recursion.obj
c:\users\ayhm-laptop\source\repos\programming_advices\programming_advices\x64\debug\#23 print first letter of each word.obj
c:\users\ayhm-laptop\source\repos\programming_advices\programming_advices\x64\debug\#24 upper first letter of each word.obj
c:\users\ayhm-laptop\source\repos\programming_advices\programming_advices\x64\debug\#25 lower first letter of each word.obj
c:\users\ayhm-laptop\source\repos\programming_advices\programming_advices\x64\debug\#26 upper lower all letters of a string.obj
c:\users\ayhm-laptop\source\repos\programming_advices\programming_advices\x64\debug\#27 invert charccter case.obj
c:\users\ayhm-laptop\source\repos\programming_advices\programming_advices\x64\debug\#28 invert all letters case.obj
c:\users\ayhm-laptop\source\repos\programming_advices\programming_advices\x64\debug\#29 count small-capital letters.obj
c:\users\ayhm-laptop\source\repos\programming_advices\programming_advices\x64\debug\#30 count letters.obj
c:\users\ayhm-laptop\source\repos\programming_advices\programming_advices\x64\debug\#31 count letters match case.obj
c:\users\ayhm-laptop\source\repos\programming_advices\programming_advices\x64\debug\#32 is vowel.obj
c:\users\ayhm-laptop\source\repos\programming_advices\programming_advices\x64\debug\#33 to 46 decrease date problems.obj
c:\users\ayhm-laptop\source\repos\programming_advices\programming_advices\x64\debug\#34 print all vowel in string.obj
c:\users\ayhm-laptop\source\repos\programming_advices\programming_advices\x64\debug\#35 print each word in string.obj
c:\users\ayhm-laptop\source\repos\programming_advices\programming_advices\x64\debug\#36 count each word in string.obj
c:\users\ayhm-laptop\source\repos\programming_advices\programming_advices\x64\debug\#37 split string.obj
c:\users\ayhm-laptop\source\repos\programming_advices\programming_advices\x64\debug\#38 trimleft, trimright, trim.obj
c:\users\ayhm-laptop\source\repos\programming_advices\programming_advices\x64\debug\#39 join string.obj
c:\users\ayhm-laptop\source\repos\programming_advices\programming_advices\x64\debug\#40 join string.obj
c:\users\ayhm-laptop\source\repos\programming_advices\programming_advices\x64\debug\#41 re.obj
c:\users\ayhm-laptop\source\repos\programming_advices\programming_advices\x64\debug\#42 replace words.obj
c:\users\ayhm-laptop\source\repos\programming_advices\programming_advices\x64\debug\#43 replace word custom.obj
c:\users\ayhm-laptop\source\repos\programming_advices\programming_advices\x64\debug\#44 remove punctuations.obj
c:\users\ayhm-laptop\source\repos\programming_advices\programming_advices\x64\debug\#45 convert record to line.obj
c:\users\ayhm-laptop\source\repos\programming_advices\programming_advices\x64\debug\#46 convert line data to record.obj
c:\users\ayhm-laptop\source\repos\programming_advices\programming_advices\x64\debug\#47 add clients to file .obj
c:\users\ayhm-laptop\source\repos\programming_advices\programming_advices\x64\debug\#48 show all clients.obj
c:\users\ayhm-laptop\source\repos\programming_advices\programming_advices\x64\debug\#49 find client by account number.obj
c:\users\ayhm-laptop\source\repos\programming_advices\programming_advices\x64\debug\#50 delete client by account number.obj
c:\users\ayhm-laptop\source\repos\programming_advices\programming_advices\x64\debug\#51 update client by account number.obj
c:\users\ayhm-laptop\source\repos\programming_advices\programming_advices\x64\debug\01_read_and_print.obj
c:\users\ayhm-laptop\source\repos\programming_advices\programming_advices\x64\debug\02_string_length.obj
c:\users\ayhm-laptop\source\repos\programming_advices\programming_advices\x64\debug\03_first_and_last_char.obj
c:\users\ayhm-laptop\source\repos\programming_advices\programming_advices\x64\debug\04_count_spaces.obj
c:\users\ayhm-laptop\source\repos\programming_advices\programming_advices\x64\debug\05_to_uppercase.obj
c:\users\ayhm-laptop\source\repos\programming_advices\programming_advices\x64\debug\06_to_lowercase.obj
c:\users\ayhm-laptop\source\repos\programming_advices\programming_advices\x64\debug\07_count_words.obj
c:\users\ayhm-laptop\source\repos\programming_advices\programming_advices\x64\debug\08_print_each_word.obj
c:\users\ayhm-laptop\source\repos\programming_advices\programming_advices\x64\debug\09_first_word.obj
c:\users\ayhm-laptop\source\repos\programming_advices\programming_advices\x64\debug\10_last_word.obj
c:\users\ayhm-laptop\source\repos\programming_advices\programming_advices\x64\debug\11_longest_word.obj
c:\users\ayhm-laptop\source\repos\programming_advices\programming_advices\x64\debug\12_shortest_word.obj
c:\users\ayhm-laptop\source\repos\programming_advices\programming_advices\x64\debug\14_join_string.obj
c:\users\ayhm-laptop\source\repos\programming_advices\programming_advices\x64\debug\15_remove_word.obj
c:\users\ayhm-laptop\source\repos\programming_advices\programming_advices\x64\debug\16_find_word.obj
c:\users\ayhm-laptop\source\repos\programming_advices\programming_advices\x64\debug\17_count_word_occurrence.obj
c:\users\ayhm-laptop\source\repos\programming_advices\programming_advices\x64\debug\bacnk 1.obj
c:\users\ayhm-laptop\source\repos\programming_advices\programming_advices\x64\debug\convert line data to record.obj
c:\users\ayhm-laptop\source\repos\programming_advices\programming_advices\x64\debug\count words.obj
c:\users\ayhm-laptop\source\repos\programming_advices\programming_advices\x64\debug\increase date byxdays#20 to #32.obj
c:\users\ayhm-laptop\source\repos\programming_advices\programming_advices\x64\debug\lesson #02 - breakpoint & memory values.obj
c:\users\ayhm-laptop\source\repos\programming_advices\programming_advices\x64\debug\lesson #09 - ternary operator short hand if.obj
c:\users\ayhm-laptop\source\repos\programming_advices\programming_advices\x64\debug\lesson #10 - ranged loop.obj
c:\users\ayhm-laptop\source\repos\programming_advices\programming_advices\x64\debug\lesson #11 - validate number.obj
c:\users\ayhm-laptop\source\repos\programming_advices\programming_advices\x64\debug\lesson #12 - bitwise and operator.obj
c:\users\ayhm-laptop\source\repos\programming_advices\programming_advices\x64\debug\lesson #14 - declaration vs definition.obj
c:\users\ayhm-laptop\source\repos\programming_advices\programming_advices\x64\debug\lesson #15 - default parameters.obj
c:\users\ayhm-laptop\source\repos\programming_advices\programming_advices\x64\debug\lesson #16 - function overloading.obj
c:\users\ayhm-laptop\source\repos\programming_advices\programming_advices\x64\debug\lesson #17 - call stack call hierarchy.obj
c:\users\ayhm-laptop\source\repos\programming_advices\programming_advices\x64\debug\lesson #18 - vs function tips.obj
c:\users\ayhm-laptop\source\repos\programming_advices\programming_advices\x64\debug\lesson #19 - recursion - homework.obj
c:\users\ayhm-laptop\source\repos\programming_advices\programming_advices\x64\debug\lesson #19 - recursion - homework2.obj
c:\users\ayhm-laptop\source\repos\programming_advices\programming_advices\x64\debug\lesson #19 - recursion.obj
c:\users\ayhm-laptop\source\repos\programming_advices\programming_advices\x64\debug\lesson #20 - static variables.obj
c:\users\ayhm-laptop\source\repos\programming_advices\programming_advices\x64\debug\lesson #21 - automatic variables.obj
c:\users\ayhm-laptop\source\repos\programming_advices\programming_advices\x64\debug\lesson #22 - register variable.obj
c:\users\ayhm-laptop\source\repos\programming_advices\programming_advices\x64\debug\lesson #23 - integer format printf .obj
c:\users\ayhm-laptop\source\repos\programming_advices\programming_advices\x64\debug\lesson #24 - float format printf.obj
c:\users\ayhm-laptop\source\repos\programming_advices\programming_advices\x64\debug\lesson #25 - string and char format printf.obj
c:\users\ayhm-laptop\source\repos\programming_advices\programming_advices\x64\debug\lesson #26 - setw manipulator.obj
c:\users\ayhm-laptop\source\repos\programming_advices\programming_advices\x64\debug\lesson #27 - two dimensional arrays - homework.obj
c:\users\ayhm-laptop\source\repos\programming_advices\programming_advices\x64\debug\lesson #27 - two dimensional arrays.obj
c:\users\ayhm-laptop\source\repos\programming_advices\programming_advices\x64\debug\lesson #28 - introduction  declaration and initialization.obj
c:\users\ayhm-laptop\source\repos\programming_advices\programming_advices\x64\debug\lesson #29 -  my homework solution.obj
c:\users\ayhm-laptop\source\repos\programming_advices\programming_advices\x64\debug\lesson #29 - add elements.obj
c:\users\ayhm-laptop\source\repos\programming_advices\programming_advices\x64\debug\lesson #29 - homework solution.obj
c:\users\ayhm-laptop\source\repos\programming_advices\programming_advices\x64\debug\lesson #30 - homework .obj
c:\users\ayhm-laptop\source\repos\programming_advices\programming_advices\x64\debug\lesson #30 - vector of structure.obj
c:\users\ayhm-laptop\source\repos\programming_advices\programming_advices\x64\debug\lesson #31 - remove elements.obj
c:\users\ayhm-laptop\source\repos\programming_advices\programming_advices\x64\debug\lesson #32 - vector functions.obj
c:\users\ayhm-laptop\source\repos\programming_advices\programming_advices\x64\debug\lesson #33 - call byref-byval important review..obj
c:\users\ayhm-laptop\source\repos\programming_advices\programming_advices\x64\debug\lesson #34 - creating references.obj
c:\users\ayhm-laptop\source\repos\programming_advices\programming_advices\x64\debug\lesson #35 - what is pointer.obj
c:\users\ayhm-laptop\source\repos\programming_advices\programming_advices\x64\debug\lesson #36 - dereferencing pointer.obj
c:\users\ayhm-laptop\source\repos\programming_advices\programming_advices\x64\debug\lesson #38 - pointers vs references.obj
c:\users\ayhm-laptop\source\repos\programming_advices\programming_advices\x64\debug\lesson #39 - call by reference - using pointers.obj
c:\users\ayhm-laptop\source\repos\programming_advices\programming_advices\x64\debug\lesson #40 - pointers and arrays in loop.obj
c:\users\ayhm-laptop\source\repos\programming_advices\programming_advices\x64\debug\lesson #40 - pointers and arrays.obj
c:\users\ayhm-laptop\source\repos\programming_advices\programming_advices\x64\debug\lesson #41 - pointers and structure.obj
c:\users\ayhm-laptop\source\repos\programming_advices\programming_advices\x64\debug\lesson #42 - pointer to void.obj
c:\users\ayhm-laptop\source\repos\programming_advices\programming_advices\x64\debug\lesson #43 - memory management new and delete.obj
c:\users\ayhm-laptop\source\repos\programming_advices\programming_advices\x64\debug\lesson #44 - dynamic arrays new and delete.obj
c:\users\ayhm-laptop\source\repos\programming_advices\programming_advices\x64\debug\lesson #46 - access elements.obj
c:\users\ayhm-laptop\source\repos\programming_advices\programming_advices\x64\debug\lesson #47 - change elements.obj
c:\users\ayhm-laptop\source\repos\programming_advices\programming_advices\x64\debug\lesson #48 - vector iterators.obj
c:\users\ayhm-laptop\source\repos\programming_advices\programming_advices\x64\debug\lesson #49 - try catch.obj
c:\users\ayhm-laptop\source\repos\programming_advices\programming_advices\x64\debug\lesson #50 - string object common methods.obj
c:\users\ayhm-laptop\source\repos\programming_advices\programming_advices\x64\debug\lesson #51 - some cctype functions.obj
c:\users\ayhm-laptop\source\repos\programming_advices\programming_advices\x64\debug\lesson #51 - some cctype functionshomework.obj
c:\users\ayhm-laptop\source\repos\programming_advices\programming_advices\x64\debug\lesson #52 - write mode write data to file.obj
c:\users\ayhm-laptop\source\repos\programming_advices\programming_advices\x64\debug\lesson #53 - append mode append data to file.obj
c:\users\ayhm-laptop\source\repos\programming_advices\programming_advices\x64\debug\lesson #54 - read mode print file content.obj
c:\users\ayhm-laptop\source\repos\programming_advices\programming_advices\x64\debug\lesson #55 - load data from file to vector homework.obj
c:\users\ayhm-laptop\source\repos\programming_advices\programming_advices\x64\debug\lesson #55 - load data from file to vector.obj
c:\users\ayhm-laptop\source\repos\programming_advices\programming_advices\x64\debug\lesson #56 - save vector to file.obj
c:\users\ayhm-laptop\source\repos\programming_advices\programming_advices\x64\debug\lesson #57 - delete record from file.obj
c:\users\ayhm-laptop\source\repos\programming_advices\programming_advices\x64\debug\lesson #58 - update record in file.obj
c:\users\ayhm-laptop\source\repos\programming_advices\programming_advices\x64\debug\lesson #59 - datetime local-utc time.obj
c:\users\ayhm-laptop\source\repos\programming_advices\programming_advices\x64\debug\lesson #60 -  datetime structure.obj
c:\users\ayhm-laptop\source\repos\programming_advices\programming_advices\x64\debug\problem_#1.obj
c:\users\ayhm-laptop\source\repos\programming_advices\programming_advices\x64\debug\problem_#10.obj
c:\users\ayhm-laptop\source\repos\programming_advices\programming_advices\x64\debug\problem_#11.obj
c:\users\ayhm-laptop\source\repos\programming_advices\programming_advices\x64\debug\problem_#12.obj
c:\users\ayhm-laptop\source\repos\programming_advices\programming_advices\x64\debug\problem_#13.obj
c:\users\ayhm-laptop\source\repos\programming_advices\programming_advices\x64\debug\problem_#14.obj
c:\users\ayhm-laptop\source\repos\programming_advices\programming_advices\x64\debug\problem_#15.obj
c:\users\ayhm-laptop\source\repos\programming_advices\programming_advices\x64\debug\problem_#16.obj
c:\users\ayhm-laptop\source\repos\programming_advices\programming_advices\x64\debug\problem_#17.obj
c:\users\ayhm-laptop\source\repos\programming_advices\programming_advices\x64\debug\problem_#18.obj
c:\users\ayhm-laptop\source\repos\programming_advices\programming_advices\x64\debug\problem_#19.obj
c:\users\ayhm-laptop\source\repos\programming_advices\programming_advices\x64\debug\problem_#2.obj
c:\users\ayhm-laptop\source\repos\programming_advices\programming_advices\x64\debug\problem_#20.obj
c:\users\ayhm-laptop\source\repos\programming_advices\programming_advices\x64\debug\problem_#21.obj
c:\users\ayhm-laptop\source\repos\programming_advices\programming_advices\x64\debug\problem_#23.obj
c:\users\ayhm-laptop\source\repos\programming_advices\programming_advices\x64\debug\problem_#24.obj
c:\users\ayhm-laptop\source\repos\programming_advices\programming_advices\x64\debug\problem_#25.obj
c:\users\ayhm-laptop\source\repos\programming_advices\programming_advices\x64\debug\problem_#26.obj
c:\users\ayhm-laptop\source\repos\programming_advices\programming_advices\x64\debug\problem_#5.obj
c:\users\ayhm-laptop\source\repos\programming_advices\programming_advices\x64\debug\problem_#6.obj
c:\users\ayhm-laptop\source\repos\programming_advices\programming_advices\x64\debug\problem_#7.obj
c:\users\ayhm-laptop\source\repos\programming_advices\programming_advices\x64\debug\problem_#8.obj
c:\users\ayhm-laptop\source\repos\programming_advices\programming_advices\x64\debug\problem_#9.obj
c:\users\ayhm-laptop\source\repos\programming_advices\programming_advices\x64\debug\problem_26.obj
c:\users\ayhm-laptop\source\repos\programming_advices\programming_advices\x64\debug\readnewclient.obj
c:\users\ayhm-laptop\source\repos\programming_advices\programming_advices\x64\debug\templete.obj
c:\users\ayhm-laptop\source\repos\programming_advices\programming_advices\x64\debug\test.obj
c:\users\ayhm-laptop\source\repos\programming_advices\programming_advices\x64\debug\#01 number to text.obj.enc
c:\users\ayhm-laptop\source\repos\programming_advices\programming_advices\x64\debug\#08 month calendar.obj.enc
c:\users\ayhm-laptop\source\repos\programming_advices\programming_advices\x64\debug\#41 re.obj.enc
c:\users\ayhm-laptop\source\repos\programming_advices\programming_advices\x64\debug\#47-53 more date problems.obj.enc
c:\users\ayhm-laptop\source\repos\programming_advices\programming_advices\x64\debug\#51 update client by account number.obj.enc
c:\users\ayhm-laptop\source\repos\programming_advices\programming_advices\x64\debug\03_first_and_last_char.obj.enc
c:\users\ayhm-laptop\source\repos\programming_advices\programming_advices\x64\debug\bacnk 1.obj.enc
c:\users\ayhm-laptop\source\repos\programming_advices\programming_advices\x64\debug\problem_#21.obj.enc
c:\users\ayhm-laptop\source\repos\programming_advices\programming_advices\x64\debug\programm.80480d2b.tlog\cl.command.1.tlog
c:\users\ayhm-laptop\source\repos\programming_advices\programming_advices\x64\debug\programm.80480d2b.tlog\cl.items.tlog
c:\users\ayhm-laptop\source\repos\programming_advices\programming_advices\x64\debug\programm.80480d2b.tlog\cl.read.1.tlog
c:\users\ayhm-laptop\source\repos\programming_advices\programming_advices\x64\debug\programm.80480d2b.tlog\cl.write.1.tlog
c:\users\ayhm-laptop\source\repos\programming_advices\programming_advices\x64\debug\programm.80480d2b.tlog\link.command.1.tlog
c:\users\ayhm-laptop\source\repos\programming_advices\programming_advices\x64\debug\programm.80480d2b.tlog\link.read.1.tlog
c:\users\ayhm-laptop\source\repos\programming_advices\programming_advices\x64\debug\programm.80480d2b.tlog\link.secondary.1.tlog
c:\users\ayhm-laptop\source\repos\programming_advices\programming_advices\x64\debug\programm.80480d2b.tlog\link.write.1.tlog
